#
# A fatal error has been detected by the Java Runtime Environment:
#
#  Internal Error (./open/src/hotspot/share/oops/generateOopMap.cpp:2164), pid=29092, tid=26360
#  fatal error: Illegal class file encountered. Try running with -Xverify:all in method get
#
# JRE version: Java(TM) SE Runtime Environment 18.9 (11.0.12+8) (build 11.0.12+8-LTS-237)
# Java VM: Java HotSpot(TM) 64-Bit Server VM 18.9 (11.0.12+8-LTS-237, mixed mode, tiered, compressed oops, g1 gc, windows-amd64)
# No core dump will be written. Minidumps are not enabled by default on client versions of Windows
#
# If you would like to submit a bug report, please visit:
#   https://bugreport.java.com/bugreport/crash.jsp
#

---------------  S U M M A R Y ------------

Command Line: -agentlib:jdwp=transport=dt_socket,suspend=y,address=localhost:58258 -ea -Dfile.encoding=Cp1252 org.testng.remote.RemoteTestNG -serport 58257 -protocol json -d C:\Users\SHIV\eclipse-workspace\Rest-Assured\test-output C:\Users\SHIV\AppData\Local\Temp\testng-eclipse--119710500\testng-customsuite.xml

Host: Intel(R) Core(TM) i7-7500U CPU @ 2.70GHz, 4 cores, 7G,  Windows 10 , 64 bit Build 19041 (10.0.19041.1202)
Time: Thu Oct 14 00:42:27 2021 Eastern Daylight Time elapsed time: 1630.285685 seconds (0d 0h 27m 10s)

---------------  T H R E A D  ---------------

Current thread (0x0000023634340000):  VMThread "VM Thread" [stack: 0x0000006dbd500000,0x0000006dbd600000] [id=26360]

Stack: [0x0000006dbd500000,0x0000006dbd600000]
[error occurred during error reporting (printing stack bounds), id 0xc0000005, EXCEPTION_ACCESS_VIOLATION (0xc0000005) at pc=0x000002361e340f2d]

Native frames: (J=compiled Java code, j=interpreted, Vv=VM code, C=native code)
V  [jvm.dll+0x617d9a]
V  [jvm.dll+0x74eeef]
V  [jvm.dll+0x750599]
V  [jvm.dll+0x750b85]
V  [jvm.dll+0x750b3b]
V  [jvm.dll+0x6175d3]
V  [jvm.dll+0x617998]
C  [ntdll.dll+0xa20cf]
C  [ntdll.dll+0x51454]
C  [ntdll.dll+0xa0bfe]
C  0x000002361e340f2d

VM_Operation (0x0000006dbdeff270): GetOrSetLocal, mode: safepoint, requested by thread 0x0000023634e7f000


---------------  P R O C E S S  ---------------

Threads class SMR info:
_java_thread_list=0x0000023636c31df0, length=15, elements={
0x0000023615e81000, 0x0000023634365800, 0x000002363436e800, 0x000002363437a000,
0x000002363437b000, 0x0000023634385800, 0x000002363438d000, 0x0000023634394000,
0x0000023634394800, 0x0000023634e7f000, 0x0000023634e76000, 0x0000023634e80000,
0x0000023634ea6000, 0x0000023634ea9000, 0x0000023634ea3800
}

Java Threads: ( => current thread )
  0x0000023615e81000 JavaThread "main" [_thread_blocked, id=3536, stack(0x0000006dbcf00000,0x0000006dbd000000)]
  0x0000023634365800 JavaThread "Reference Handler" daemon [_thread_blocked, id=24600, stack(0x0000006dbd600000,0x0000006dbd700000)]
  0x000002363436e800 JavaThread "Finalizer" daemon [_thread_blocked, id=6248, stack(0x0000006dbd700000,0x0000006dbd800000)]
  0x000002363437a000 JavaThread "Signal Dispatcher" daemon [_thread_blocked, id=13244, stack(0x0000006dbd800000,0x0000006dbd900000)]
  0x000002363437b000 JavaThread "Attach Listener" daemon [_thread_blocked, id=24744, stack(0x0000006dbd900000,0x0000006dbda00000)]
  0x0000023634385800 JavaThread "Service Thread" daemon [_thread_blocked, id=36332, stack(0x0000006dbda00000,0x0000006dbdb00000)]
  0x000002363438d000 JavaThread "C2 CompilerThread0" daemon [_thread_blocked, id=35784, stack(0x0000006dbdb00000,0x0000006dbdc00000)]
  0x0000023634394000 JavaThread "C1 CompilerThread0" daemon [_thread_blocked, id=18124, stack(0x0000006dbdc00000,0x0000006dbdd00000)]
  0x0000023634394800 JavaThread "Sweeper thread" daemon [_thread_blocked, id=35400, stack(0x0000006dbdd00000,0x0000006dbde00000)]
  0x0000023634e7f000 JavaThread "JDWP Transport Listener: dt_socket" daemon [_thread_blocked, id=33936, stack(0x0000006dbde00000,0x0000006dbdf00000)] _threads_hazard_ptr=0x0000023636c31df0
  0x0000023634e76000 JavaThread "JDWP Event Helper Thread" daemon [_thread_blocked, id=34844, stack(0x0000006dbdf00000,0x0000006dbe000000)]
  0x0000023634e80000 JavaThread "JDWP Command Reader" daemon [_thread_in_native, id=13116, stack(0x0000006dbe000000,0x0000006dbe100000)]
  0x0000023634ea6000 JavaThread "Common-Cleaner" daemon [_thread_blocked, id=2940, stack(0x0000006dbe200000,0x0000006dbe300000)]
  0x0000023634ea9000 JavaThread "ReaderThread" [_thread_in_native, id=22312, stack(0x0000006dbe500000,0x0000006dbe600000)]
  0x0000023634ea3800 JavaThread "ForkJoinPool.commonPool-worker-7" daemon [_thread_blocked, id=33636, stack(0x0000006dbec00000,0x0000006dbed00000)]

Other Threads:
=>0x0000023634340000 VMThread "VM Thread" [stack: 0x0000006dbd500000,0x0000006dbd600000] [id=26360]
  0x0000023634e97000 WatcherThread [stack: 0x0000006dbe100000,0x0000006dbe200000] [id=8848]
  0x0000023615e97000 GCTaskThread "GC Thread#0" [stack: 0x0000006dbd000000,0x0000006dbd100000] [id=32484]
  0x0000023635a45800 GCTaskThread "GC Thread#1" [stack: 0x0000006dbe600000,0x0000006dbe700000] [id=20700]
  0x0000023635a76000 GCTaskThread "GC Thread#2" [stack: 0x0000006dbe700000,0x0000006dbe800000] [id=30428]
  0x000002363602f000 GCTaskThread "GC Thread#3" [stack: 0x0000006dbe800000,0x0000006dbe900000] [id=28548]
  0x0000023615ec2800 ConcurrentGCThread "G1 Main Marker" [stack: 0x0000006dbd100000,0x0000006dbd200000] [id=33040]
  0x0000023615ec5000 ConcurrentGCThread "G1 Conc#0" [stack: 0x0000006dbd200000,0x0000006dbd300000] [id=33840]
  0x0000023615f57800 ConcurrentGCThread "G1 Refine#0" [stack: 0x0000006dbd300000,0x0000006dbd400000] [id=32648]
  0x0000023634f69800 ConcurrentGCThread "G1 Refine#1" [stack: 0x0000006dbe900000,0x0000006dbea00000] [id=36708]
  0x0000023615f5a000 ConcurrentGCThread "G1 Young RemSet Sampling" [stack: 0x0000006dbd400000,0x0000006dbd500000] [id=31100]

Threads with active compile tasks:

VM state:at safepoint (normal execution)

VM Mutex/Monitor currently owned by a thread:  ([mutex/lock_event])
[0x0000023615e7e7c0] Threads_lock - owner thread: 0x0000023634340000

Heap address: 0x0000000081800000, size: 2024 MB, Compressed Oops mode: 32-bit
Narrow klass base: 0x0000000000000000, Narrow klass shift: 3
Compressed class space size: 1073741824 Address: 0x0000000100000000

Heap:
 garbage-first heap   total 131072K, used 23354K [0x0000000081800000, 0x0000000100000000)
  region size 1024K, 17 young (17408K), 3 survivors (3072K)
 Metaspace       used 23998K, capacity 24550K, committed 24880K, reserved 1071104K
  class space    used 2392K, capacity 2608K, committed 2688K, reserved 1048576K
Heap Regions: E=young(eden), S=young(survivor), O=old, HS=humongous(starts), HC=humongous(continues), CS=collection set, F=free, A=archive, TAMS=top-at-mark-start (previous, next)
|   0|0x0000000081800000, 0x0000000081900000, 0x0000000081900000|100%| O|  |TAMS 0x0000000081900000, 0x0000000081800000| Untracked 
|   1|0x0000000081900000, 0x0000000081a00000, 0x0000000081a00000|100%| O|  |TAMS 0x0000000081a00000, 0x0000000081900000| Untracked 
|   2|0x0000000081a00000, 0x0000000081b00000, 0x0000000081b00000|100%| O|  |TAMS 0x0000000081b00000, 0x0000000081a00000| Untracked 
|   3|0x0000000081b00000, 0x0000000081c00000, 0x0000000081c00000|100%| O|  |TAMS 0x0000000081b6cc00, 0x0000000081b00000| Untracked 
|   4|0x0000000081c00000, 0x0000000081c00000, 0x0000000081d00000|  0%| F|  |TAMS 0x0000000081c00000, 0x0000000081c00000| Untracked 
|   5|0x0000000081d00000, 0x0000000081d00000, 0x0000000081e00000|  0%| F|  |TAMS 0x0000000081d00000, 0x0000000081d00000| Untracked 
|   6|0x0000000081e00000, 0x0000000081e00000, 0x0000000081f00000|  0%| F|  |TAMS 0x0000000081e00000, 0x0000000081e00000| Untracked 
|   7|0x0000000081f00000, 0x0000000082000000, 0x0000000082000000|100%| O|  |TAMS 0x0000000081f00000, 0x0000000081f00000| Untracked 
|   8|0x0000000082000000, 0x0000000082100000, 0x0000000082100000|100%| O|  |TAMS 0x0000000082000000, 0x0000000082000000| Untracked 
|   9|0x0000000082100000, 0x0000000082200000, 0x0000000082200000|100%| O|  |TAMS 0x0000000082100000, 0x0000000082100000| Untracked 
|  10|0x0000000082200000, 0x0000000082200000, 0x0000000082300000|  0%| F|  |TAMS 0x0000000082200000, 0x0000000082200000| Untracked 
|  11|0x0000000082300000, 0x0000000082300000, 0x0000000082400000|  0%| F|  |TAMS 0x0000000082300000, 0x0000000082300000| Untracked 
|  12|0x0000000082400000, 0x0000000082400000, 0x0000000082500000|  0%| F|  |TAMS 0x0000000082400000, 0x0000000082400000| Untracked 
|  13|0x0000000082500000, 0x0000000082500000, 0x0000000082600000|  0%| F|  |TAMS 0x0000000082500000, 0x0000000082500000| Untracked 
|  14|0x0000000082600000, 0x0000000082600000, 0x0000000082700000|  0%| F|  |TAMS 0x0000000082600000, 0x0000000082600000| Untracked 
|  15|0x0000000082700000, 0x0000000082700000, 0x0000000082800000|  0%| F|  |TAMS 0x0000000082700000, 0x0000000082700000| Untracked 
|  16|0x0000000082800000, 0x0000000082800000, 0x0000000082900000|  0%| F|  |TAMS 0x0000000082800000, 0x0000000082800000| Untracked 
|  17|0x0000000082900000, 0x0000000082900000, 0x0000000082a00000|  0%| F|  |TAMS 0x0000000082900000, 0x0000000082900000| Untracked 
|  18|0x0000000082a00000, 0x0000000082a00000, 0x0000000082b00000|  0%| F|  |TAMS 0x0000000082a00000, 0x0000000082a00000| Untracked 
|  19|0x0000000082b00000, 0x0000000082b00000, 0x0000000082c00000|  0%| F|  |TAMS 0x0000000082b00000, 0x0000000082b00000| Untracked 
|  20|0x0000000082c00000, 0x0000000082c00000, 0x0000000082d00000|  0%| F|  |TAMS 0x0000000082c00000, 0x0000000082c00000| Untracked 
|  21|0x0000000082d00000, 0x0000000082d00000, 0x0000000082e00000|  0%| F|  |TAMS 0x0000000082d00000, 0x0000000082d00000| Untracked 
|  22|0x0000000082e00000, 0x0000000082e00000, 0x0000000082f00000|  0%| F|  |TAMS 0x0000000082e00000, 0x0000000082e00000| Untracked 
|  23|0x0000000082f00000, 0x0000000082f00000, 0x0000000083000000|  0%| F|  |TAMS 0x0000000082f00000, 0x0000000082f00000| Untracked 
|  24|0x0000000083000000, 0x0000000083000000, 0x0000000083100000|  0%| F|  |TAMS 0x0000000083000000, 0x0000000083000000| Untracked 
|  25|0x0000000083100000, 0x0000000083100000, 0x0000000083200000|  0%| F|  |TAMS 0x0000000083100000, 0x0000000083100000| Untracked 
|  26|0x0000000083200000, 0x0000000083200000, 0x0000000083300000|  0%| F|  |TAMS 0x0000000083200000, 0x0000000083200000| Untracked 
|  27|0x0000000083300000, 0x0000000083300000, 0x0000000083400000|  0%| F|  |TAMS 0x0000000083300000, 0x0000000083300000| Untracked 
|  28|0x0000000083400000, 0x0000000083400000, 0x0000000083500000|  0%| F|  |TAMS 0x0000000083400000, 0x0000000083400000| Untracked 
|  29|0x0000000083500000, 0x0000000083500000, 0x0000000083600000|  0%| F|  |TAMS 0x0000000083500000, 0x0000000083500000| Untracked 
|  30|0x0000000083600000, 0x0000000083600000, 0x0000000083700000|  0%| F|  |TAMS 0x0000000083600000, 0x0000000083600000| Untracked 
|  31|0x0000000083700000, 0x0000000083700000, 0x0000000083800000|  0%| F|  |TAMS 0x0000000083700000, 0x0000000083700000| Untracked 
|  32|0x0000000083800000, 0x0000000083800000, 0x0000000083900000|  0%| F|  |TAMS 0x0000000083800000, 0x0000000083800000| Untracked 
|  33|0x0000000083900000, 0x0000000083900000, 0x0000000083a00000|  0%| F|  |TAMS 0x0000000083900000, 0x0000000083900000| Untracked 
|  34|0x0000000083a00000, 0x0000000083a00000, 0x0000000083b00000|  0%| F|  |TAMS 0x0000000083a00000, 0x0000000083a00000| Untracked 
|  35|0x0000000083b00000, 0x0000000083b00000, 0x0000000083c00000|  0%| F|  |TAMS 0x0000000083b00000, 0x0000000083b00000| Untracked 
|  36|0x0000000083c00000, 0x0000000083c00000, 0x0000000083d00000|  0%| F|  |TAMS 0x0000000083c00000, 0x0000000083c00000| Untracked 
|  37|0x0000000083d00000, 0x0000000083d00000, 0x0000000083e00000|  0%| F|  |TAMS 0x0000000083d00000, 0x0000000083d00000| Untracked 
|  38|0x0000000083e00000, 0x0000000083e00000, 0x0000000083f00000|  0%| F|  |TAMS 0x0000000083e00000, 0x0000000083e00000| Untracked 
|  39|0x0000000083f00000, 0x0000000083f00000, 0x0000000084000000|  0%| F|  |TAMS 0x0000000083f00000, 0x0000000083f00000| Untracked 
|  40|0x0000000084000000, 0x0000000084000000, 0x0000000084100000|  0%| F|  |TAMS 0x0000000084000000, 0x0000000084000000| Untracked 
|  41|0x0000000084100000, 0x0000000084100000, 0x0000000084200000|  0%| F|  |TAMS 0x0000000084100000, 0x0000000084100000| Untracked 
|  42|0x0000000084200000, 0x0000000084200000, 0x0000000084300000|  0%| F|  |TAMS 0x0000000084200000, 0x0000000084200000| Untracked 
|  43|0x0000000084300000, 0x0000000084300000, 0x0000000084400000|  0%| F|  |TAMS 0x0000000084300000, 0x0000000084300000| Untracked 
|  44|0x0000000084400000, 0x0000000084400000, 0x0000000084500000|  0%| F|  |TAMS 0x0000000084400000, 0x0000000084400000| Untracked 
|  45|0x0000000084500000, 0x0000000084500000, 0x0000000084600000|  0%| F|  |TAMS 0x0000000084500000, 0x0000000084500000| Untracked 
|  46|0x0000000084600000, 0x0000000084600000, 0x0000000084700000|  0%| F|  |TAMS 0x0000000084600000, 0x0000000084600000| Untracked 
|  47|0x0000000084700000, 0x0000000084700000, 0x0000000084800000|  0%| F|  |TAMS 0x0000000084700000, 0x0000000084700000| Untracked 
|  48|0x0000000084800000, 0x0000000084800000, 0x0000000084900000|  0%| F|  |TAMS 0x0000000084800000, 0x0000000084800000| Untracked 
|  49|0x0000000084900000, 0x0000000084900000, 0x0000000084a00000|  0%| F|  |TAMS 0x0000000084900000, 0x0000000084900000| Untracked 
|  50|0x0000000084a00000, 0x0000000084a00000, 0x0000000084b00000|  0%| F|  |TAMS 0x0000000084a00000, 0x0000000084a00000| Untracked 
|  51|0x0000000084b00000, 0x0000000084b00000, 0x0000000084c00000|  0%| F|  |TAMS 0x0000000084b00000, 0x0000000084b00000| Untracked 
|  52|0x0000000084c00000, 0x0000000084c00000, 0x0000000084d00000|  0%| F|  |TAMS 0x0000000084c00000, 0x0000000084c00000| Untracked 
|  53|0x0000000084d00000, 0x0000000084d00000, 0x0000000084e00000|  0%| F|  |TAMS 0x0000000084d00000, 0x0000000084d00000| Untracked 
|  54|0x0000000084e00000, 0x0000000084e00000, 0x0000000084f00000|  0%| F|  |TAMS 0x0000000084e00000, 0x0000000084e00000| Untracked 
|  55|0x0000000084f00000, 0x0000000084f00000, 0x0000000085000000|  0%| F|  |TAMS 0x0000000084f00000, 0x0000000084f00000| Untracked 
|  56|0x0000000085000000, 0x0000000085000000, 0x0000000085100000|  0%| F|  |TAMS 0x0000000085000000, 0x0000000085000000| Untracked 
|  57|0x0000000085100000, 0x0000000085100000, 0x0000000085200000|  0%| F|  |TAMS 0x0000000085100000, 0x0000000085100000| Untracked 
|  58|0x0000000085200000, 0x0000000085200000, 0x0000000085300000|  0%| F|  |TAMS 0x0000000085200000, 0x0000000085200000| Untracked 
|  59|0x0000000085300000, 0x0000000085300000, 0x0000000085400000|  0%| F|  |TAMS 0x0000000085300000, 0x0000000085300000| Untracked 
|  60|0x0000000085400000, 0x0000000085400000, 0x0000000085500000|  0%| F|  |TAMS 0x0000000085400000, 0x0000000085400000| Untracked 
|  61|0x0000000085500000, 0x0000000085500000, 0x0000000085600000|  0%| F|  |TAMS 0x0000000085500000, 0x0000000085500000| Untracked 
|  62|0x0000000085600000, 0x0000000085600000, 0x0000000085700000|  0%| F|  |TAMS 0x0000000085600000, 0x0000000085600000| Untracked 
|  63|0x0000000085700000, 0x0000000085700000, 0x0000000085800000|  0%| F|  |TAMS 0x0000000085700000, 0x0000000085700000| Untracked 
|  64|0x0000000085800000, 0x0000000085800000, 0x0000000085900000|  0%| F|  |TAMS 0x0000000085800000, 0x0000000085800000| Untracked 
|  65|0x0000000085900000, 0x0000000085900000, 0x0000000085a00000|  0%| F|  |TAMS 0x0000000085900000, 0x0000000085900000| Untracked 
|  66|0x0000000085a00000, 0x0000000085a00000, 0x0000000085b00000|  0%| F|  |TAMS 0x0000000085a00000, 0x0000000085a00000| Untracked 
|  67|0x0000000085b00000, 0x0000000085b00000, 0x0000000085c00000|  0%| F|  |TAMS 0x0000000085b00000, 0x0000000085b00000| Untracked 
|  68|0x0000000085c00000, 0x0000000085c00000, 0x0000000085d00000|  0%| F|  |TAMS 0x0000000085c00000, 0x0000000085c00000| Untracked 
|  69|0x0000000085d00000, 0x0000000085d00000, 0x0000000085e00000|  0%| F|  |TAMS 0x0000000085d00000, 0x0000000085d00000| Untracked 
|  70|0x0000000085e00000, 0x0000000085e00000, 0x0000000085f00000|  0%| F|  |TAMS 0x0000000085e00000, 0x0000000085e00000| Untracked 
|  71|0x0000000085f00000, 0x0000000085f00000, 0x0000000086000000|  0%| F|  |TAMS 0x0000000085f00000, 0x0000000085f00000| Untracked 
|  72|0x0000000086000000, 0x0000000086000000, 0x0000000086100000|  0%| F|  |TAMS 0x0000000086000000, 0x0000000086000000| Untracked 
|  73|0x0000000086100000, 0x0000000086100000, 0x0000000086200000|  0%| F|  |TAMS 0x0000000086100000, 0x0000000086100000| Untracked 
|  74|0x0000000086200000, 0x0000000086200000, 0x0000000086300000|  0%| F|  |TAMS 0x0000000086200000, 0x0000000086200000| Untracked 
|  75|0x0000000086300000, 0x0000000086300000, 0x0000000086400000|  0%| F|  |TAMS 0x0000000086300000, 0x0000000086300000| Untracked 
|  76|0x0000000086400000, 0x0000000086400000, 0x0000000086500000|  0%| F|  |TAMS 0x0000000086400000, 0x0000000086400000| Untracked 
|  77|0x0000000086500000, 0x0000000086500000, 0x0000000086600000|  0%| F|  |TAMS 0x0000000086500000, 0x0000000086500000| Untracked 
|  78|0x0000000086600000, 0x0000000086600000, 0x0000000086700000|  0%| F|  |TAMS 0x0000000086600000, 0x0000000086600000| Untracked 
|  79|0x0000000086700000, 0x0000000086700000, 0x0000000086800000|  0%| F|  |TAMS 0x0000000086700000, 0x0000000086700000| Untracked 
|  80|0x0000000086800000, 0x0000000086800000, 0x0000000086900000|  0%| F|  |TAMS 0x0000000086800000, 0x0000000086800000| Untracked 
|  81|0x0000000086900000, 0x0000000086900000, 0x0000000086a00000|  0%| F|  |TAMS 0x0000000086900000, 0x0000000086900000| Untracked 
|  82|0x0000000086a00000, 0x0000000086a00000, 0x0000000086b00000|  0%| F|  |TAMS 0x0000000086a00000, 0x0000000086a00000| Untracked 
|  83|0x0000000086b00000, 0x0000000086b00000, 0x0000000086c00000|  0%| F|  |TAMS 0x0000000086b00000, 0x0000000086b00000| Untracked 
|  84|0x0000000086c00000, 0x0000000086c00000, 0x0000000086d00000|  0%| F|  |TAMS 0x0000000086c00000, 0x0000000086c00000| Untracked 
|  85|0x0000000086d00000, 0x0000000086d00000, 0x0000000086e00000|  0%| F|  |TAMS 0x0000000086d00000, 0x0000000086d00000| Untracked 
|  86|0x0000000086e00000, 0x0000000086e00000, 0x0000000086f00000|  0%| F|  |TAMS 0x0000000086e00000, 0x0000000086e00000| Untracked 
|  87|0x0000000086f00000, 0x0000000086f00000, 0x0000000087000000|  0%| F|  |TAMS 0x0000000086f00000, 0x0000000086f00000| Untracked 
|  88|0x0000000087000000, 0x0000000087000000, 0x0000000087100000|  0%| F|  |TAMS 0x0000000087000000, 0x0000000087000000| Untracked 
|  89|0x0000000087100000, 0x0000000087100000, 0x0000000087200000|  0%| F|  |TAMS 0x0000000087100000, 0x0000000087100000| Untracked 
|  90|0x0000000087200000, 0x0000000087200000, 0x0000000087300000|  0%| F|  |TAMS 0x0000000087200000, 0x0000000087200000| Untracked 
|  91|0x0000000087300000, 0x0000000087300000, 0x0000000087400000|  0%| F|  |TAMS 0x0000000087300000, 0x0000000087300000| Untracked 
|  92|0x0000000087400000, 0x0000000087400000, 0x0000000087500000|  0%| F|  |TAMS 0x0000000087400000, 0x0000000087400000| Untracked 
|  93|0x0000000087500000, 0x00000000875ce880, 0x0000000087600000| 80%| S|CS|TAMS 0x0000000087500000, 0x0000000087500000| Complete 
|  94|0x0000000087600000, 0x0000000087700000, 0x0000000087700000|100%| S|CS|TAMS 0x0000000087600000, 0x0000000087600000| Complete 
|  95|0x0000000087700000, 0x0000000087800000, 0x0000000087800000|100%| S|CS|TAMS 0x0000000087700000, 0x0000000087700000| Complete 
|  96|0x0000000087800000, 0x0000000087800000, 0x0000000087900000|  0%| F|  |TAMS 0x0000000087800000, 0x0000000087800000| Untracked 
|  97|0x0000000087900000, 0x0000000087900000, 0x0000000087a00000|  0%| F|  |TAMS 0x0000000087900000, 0x0000000087900000| Untracked 
|  98|0x0000000087a00000, 0x0000000087a00000, 0x0000000087b00000|  0%| F|  |TAMS 0x0000000087a00000, 0x0000000087a00000| Untracked 
|  99|0x0000000087b00000, 0x0000000087b00000, 0x0000000087c00000|  0%| F|  |TAMS 0x0000000087b00000, 0x0000000087b00000| Untracked 
| 100|0x0000000087c00000, 0x0000000087c00000, 0x0000000087d00000|  0%| F|  |TAMS 0x0000000087c00000, 0x0000000087c00000| Untracked 
| 101|0x0000000087d00000, 0x0000000087d00000, 0x0000000087e00000|  0%| F|  |TAMS 0x0000000087d00000, 0x0000000087d00000| Untracked 
| 102|0x0000000087e00000, 0x0000000087e00000, 0x0000000087f00000|  0%| F|  |TAMS 0x0000000087e00000, 0x0000000087e00000| Untracked 
| 103|0x0000000087f00000, 0x0000000087f00000, 0x0000000088000000|  0%| F|  |TAMS 0x0000000087f00000, 0x0000000087f00000| Untracked 
| 104|0x0000000088000000, 0x0000000088000000, 0x0000000088100000|  0%| F|  |TAMS 0x0000000088000000, 0x0000000088000000| Untracked 
| 105|0x0000000088100000, 0x0000000088100000, 0x0000000088200000|  0%| F|  |TAMS 0x0000000088100000, 0x0000000088100000| Untracked 
| 106|0x0000000088200000, 0x0000000088200000, 0x0000000088300000|  0%| F|  |TAMS 0x0000000088200000, 0x0000000088200000| Untracked 
| 107|0x0000000088300000, 0x0000000088300000, 0x0000000088400000|  0%| F|  |TAMS 0x0000000088300000, 0x0000000088300000| Untracked 
| 108|0x0000000088400000, 0x0000000088400000, 0x0000000088500000|  0%| F|  |TAMS 0x0000000088400000, 0x0000000088400000| Untracked 
| 109|0x0000000088500000, 0x0000000088500000, 0x0000000088600000|  0%| F|  |TAMS 0x0000000088500000, 0x0000000088500000| Untracked 
| 110|0x0000000088600000, 0x0000000088600000, 0x0000000088700000|  0%| F|  |TAMS 0x0000000088600000, 0x0000000088600000| Untracked 
| 111|0x0000000088700000, 0x0000000088700000, 0x0000000088800000|  0%| F|  |TAMS 0x0000000088700000, 0x0000000088700000| Untracked 
| 112|0x0000000088800000, 0x0000000088800000, 0x0000000088900000|  0%| F|  |TAMS 0x0000000088800000, 0x0000000088800000| Untracked 
| 113|0x0000000088900000, 0x0000000088900000, 0x0000000088a00000|  0%| F|  |TAMS 0x0000000088900000, 0x0000000088900000| Untracked 
| 114|0x0000000088a00000, 0x0000000088b00000, 0x0000000088b00000|100%| E|  |TAMS 0x0000000088a00000, 0x0000000088a00000| Complete 
| 115|0x0000000088b00000, 0x0000000088c00000, 0x0000000088c00000|100%| E|CS|TAMS 0x0000000088b00000, 0x0000000088b00000| Complete 
| 116|0x0000000088c00000, 0x0000000088d00000, 0x0000000088d00000|100%| E|CS|TAMS 0x0000000088c00000, 0x0000000088c00000| Complete 
| 117|0x0000000088d00000, 0x0000000088e00000, 0x0000000088e00000|100%| E|CS|TAMS 0x0000000088d00000, 0x0000000088d00000| Complete 
| 118|0x0000000088e00000, 0x0000000088f00000, 0x0000000088f00000|100%| E|CS|TAMS 0x0000000088e00000, 0x0000000088e00000| Complete 
| 119|0x0000000088f00000, 0x0000000089000000, 0x0000000089000000|100%| E|CS|TAMS 0x0000000088f00000, 0x0000000088f00000| Complete 
| 120|0x0000000089000000, 0x0000000089100000, 0x0000000089100000|100%| E|CS|TAMS 0x0000000089000000, 0x0000000089000000| Complete 
| 121|0x0000000089100000, 0x0000000089200000, 0x0000000089200000|100%| E|CS|TAMS 0x0000000089100000, 0x0000000089100000| Complete 
| 122|0x0000000089200000, 0x0000000089300000, 0x0000000089300000|100%| E|CS|TAMS 0x0000000089200000, 0x0000000089200000| Complete 
| 123|0x0000000089300000, 0x0000000089400000, 0x0000000089400000|100%| E|CS|TAMS 0x0000000089300000, 0x0000000089300000| Complete 
| 124|0x0000000089400000, 0x0000000089500000, 0x0000000089500000|100%| E|CS|TAMS 0x0000000089400000, 0x0000000089400000| Complete 
| 125|0x0000000089500000, 0x0000000089600000, 0x0000000089600000|100%| E|CS|TAMS 0x0000000089500000, 0x0000000089500000| Complete 
| 126|0x0000000089600000, 0x0000000089700000, 0x0000000089700000|100%| E|CS|TAMS 0x0000000089600000, 0x0000000089600000| Complete 
| 127|0x0000000089700000, 0x0000000089800000, 0x0000000089800000|100%| E|CS|TAMS 0x0000000089700000, 0x0000000089700000| Complete 

Card table byte_map: [0x000002362d740000,0x000002362db40000] _byte_map_base: 0x000002362d334000

Marking Bits (Prev, Next): (CMBitMap*) 0x0000023615eb9e90, (CMBitMap*) 0x0000023615eb9e58
 Prev Bits: [0x000002362fee0000, 0x0000023631e80000)
 Next Bits: [0x000002362df40000, 0x000002362fee0000)

Polling page: 0x0000023613e20000

Metaspace:

Usage:
  Non-class:     21.43 MB capacity,    21.10 MB ( 98%) used,   276.75 KB (  1%) free+waste,    59.06 KB ( <1%) overhead. 
      Class:      2.55 MB capacity,     2.34 MB ( 92%) used,   188.53 KB (  7%) free+waste,    27.00 KB (  1%) overhead. 
       Both:     23.97 MB capacity,    23.44 MB ( 98%) used,   465.28 KB (  2%) free+waste,    86.06 KB ( <1%) overhead. 

Virtual space:
  Non-class space:       22.00 MB reserved,      21.67 MB ( 99%) committed 
      Class space:        1.00 GB reserved,       2.63 MB ( <1%) committed 
             Both:        1.02 GB reserved,      24.30 MB (  2%) committed 

Chunk freelists:
   Non-Class:  7.25 KB
       Class:  2.00 KB
        Both:  9.25 KB

CodeHeap 'non-profiled nmethods': size=120064Kb used=894Kb max_used=894Kb free=119169Kb
 bounds [0x0000023625e00000, 0x0000023626070000, 0x000002362d340000]
CodeHeap 'profiled nmethods': size=120000Kb used=4803Kb max_used=4803Kb free=115196Kb
 bounds [0x000002361e8d0000, 0x000002361ed90000, 0x0000023625e00000]
CodeHeap 'non-nmethods': size=5696Kb used=2243Kb max_used=2283Kb free=3452Kb
 bounds [0x000002361e340000, 0x000002361e5b0000, 0x000002361e8d0000]
 total_blobs=3055 nmethods=2352 adapters=622
 compilation: enabled
              stopped_count=0, restarted_count=0
 full_count=0

Compilation events (10 events):
Event: 2.665 Thread 0x0000023635a74000 nmethod 2320 0x0000023625ed1890 code [0x0000023625ed1a20, 0x0000023625ed1bf8]
Event: 2.665 Thread 0x0000023635a74000 2318       4       org.codehaus.groovy.runtime.metaclass.MetaMethodIndex::addMethodToList (131 bytes)
Event: 2.716 Thread 0x0000023635a74000 nmethod 2318 0x0000023625ed1d10 code [0x0000023625ed2020, 0x0000023625ed3d80]
Event: 2.739 Thread 0x000002363438d000 nmethod 2130 0x0000023625ed5010 code [0x0000023625ed5620, 0x0000023625edc820]
Event: 242.455 Thread 0x0000023634394000 2357   !   3       java.lang.ref.ReferenceQueue::remove (125 bytes)
Event: 242.455 Thread 0x0000023634394000 nmethod 2357 0x000002361ed7f690 code [0x000002361ed7f8c0, 0x000002361ed801b8]
Event: 542.582 Thread 0x0000023634394000 2358   !   3       jdk.internal.ref.PhantomCleanable::isListEmpty (34 bytes)
Event: 542.583 Thread 0x0000023634394000 nmethod 2358 0x000002361ed80510 code [0x000002361ed806c0, 0x000002361ed809d8]
Event: 542.583 Thread 0x0000023634394000 2359       3       jdk.internal.misc.InnocuousThread::eraseThreadLocals (23 bytes)
Event: 542.583 Thread 0x0000023634394000 nmethod 2359 0x000002361ed80b10 code [0x000002361ed80cc0, 0x000002361ed80e98]

GC Heap History (8 events):
Event: 1.256 GC heap before
{Heap before GC invocations=0 (full 0):
 garbage-first heap   total 131072K, used 13312K [0x0000000081800000, 0x0000000100000000)
  region size 1024K, 14 young (14336K), 0 survivors (0K)
 Metaspace       used 13060K, capacity 13316K, committed 13440K, reserved 1060864K
  class space    used 1267K, capacity 1333K, committed 1408K, reserved 1048576K
}
Event: 1.261 GC heap after
{Heap after GC invocations=1 (full 0):
 garbage-first heap   total 131072K, used 3163K [0x0000000081800000, 0x0000000100000000)
  region size 1024K, 2 young (2048K), 2 survivors (2048K)
 Metaspace       used 13060K, capacity 13316K, committed 13440K, reserved 1060864K
  class space    used 1267K, capacity 1333K, committed 1408K, reserved 1048576K
}
Event: 1.448 GC heap before
{Heap before GC invocations=1 (full 0):
 garbage-first heap   total 131072K, used 11355K [0x0000000081800000, 0x0000000100000000)
  region size 1024K, 10 young (10240K), 2 survivors (2048K)
 Metaspace       used 15284K, capacity 15706K, committed 15744K, reserved 1062912K
  class space    used 1539K, capacity 1663K, committed 1664K, reserved 1048576K
}
Event: 1.452 GC heap after
{Heap after GC invocations=2 (full 0):
 garbage-first heap   total 131072K, used 3852K [0x0000000081800000, 0x0000000100000000)
  region size 1024K, 1 young (1024K), 1 survivors (1024K)
 Metaspace       used 15284K, capacity 15706K, committed 15744K, reserved 1062912K
  class space    used 1539K, capacity 1663K, committed 1664K, reserved 1048576K
}
Event: 1.964 GC heap before
{Heap before GC invocations=2 (full 0):
 garbage-first heap   total 131072K, used 20236K [0x0000000081800000, 0x0000000100000000)
  region size 1024K, 19 young (19456K), 1 survivors (1024K)
 Metaspace       used 20566K, capacity 21093K, committed 21296K, reserved 1069056K
  class space    used 2106K, capacity 2314K, committed 2432K, reserved 1048576K
}
Event: 1.971 GC heap after
{Heap after GC invocations=3 (full 0):
 garbage-first heap   total 131072K, used 7603K [0x0000000081800000, 0x0000000100000000)
  region size 1024K, 4 young (4096K), 4 survivors (4096K)
 Metaspace       used 20566K, capacity 21093K, committed 21296K, reserved 1069056K
  class space    used 2106K, capacity 2314K, committed 2432K, reserved 1048576K
}
Event: 2.414 GC heap before
{Heap before GC invocations=4 (full 0):
 garbage-first heap   total 131072K, used 38323K [0x0000000081800000, 0x0000000100000000)
  region size 1024K, 32 young (32768K), 4 survivors (4096K)
 Metaspace       used 23262K, capacity 23790K, committed 23984K, reserved 1071104K
  class space    used 2310K, capacity 2504K, committed 2560K, reserved 1048576K
}
Event: 2.421 GC heap after
{Heap after GC invocations=5 (full 0):
 garbage-first heap   total 131072K, used 10042K [0x0000000081800000, 0x0000000100000000)
  region size 1024K, 3 young (3072K), 3 survivors (3072K)
 Metaspace       used 23262K, capacity 23790K, committed 23984K, reserved 1071104K
  class space    used 2310K, capacity 2504K, committed 2560K, reserved 1048576K
}

Deoptimization events (10 events):
Event: 2.404 Thread 0x0000023615e81000 Uncommon trap: reason=bimorphic_or_optimized_type_check action=maybe_recompile pc=0x0000023625ea753c method=java.util.stream.AbstractPipeline.copyIntoWithCancel(Ljava/util/stream/Sink;Ljava/util/Spliterator;)Z @ 19 c2
Event: 2.405 Thread 0x0000023615e81000 Uncommon trap: reason=bimorphic_or_optimized_type_check action=maybe_recompile pc=0x0000023625e90a68 method=java.util.stream.ReferencePipeline.forEachWithCancel(Ljava/util/Spliterator;Ljava/util/stream/Sink;)Z @ 13 c2
Event: 2.405 Thread 0x0000023615e81000 Uncommon trap: reason=bimorphic_or_optimized_type_check action=maybe_recompile pc=0x0000023625ea753c method=java.util.stream.AbstractPipeline.copyIntoWithCancel(Ljava/util/stream/Sink;Ljava/util/Spliterator;)Z @ 19 c2
Event: 2.405 Thread 0x0000023615e81000 Uncommon trap: reason=bimorphic_or_optimized_type_check action=maybe_recompile pc=0x0000023625e90a68 method=java.util.stream.ReferencePipeline.forEachWithCancel(Ljava/util/Spliterator;Ljava/util/stream/Sink;)Z @ 13 c2
Event: 2.405 Thread 0x0000023615e81000 Uncommon trap: reason=bimorphic_or_optimized_type_check action=maybe_recompile pc=0x0000023625ea753c method=java.util.stream.AbstractPipeline.copyIntoWithCancel(Ljava/util/stream/Sink;Ljava/util/Spliterator;)Z @ 19 c2
Event: 2.405 Thread 0x0000023615e81000 Uncommon trap: reason=bimorphic_or_optimized_type_check action=maybe_recompile pc=0x0000023625e90a68 method=java.util.stream.ReferencePipeline.forEachWithCancel(Ljava/util/Spliterator;Ljava/util/stream/Sink;)Z @ 13 c2
Event: 2.405 Thread 0x0000023615e81000 Uncommon trap: reason=bimorphic_or_optimized_type_check action=maybe_recompile pc=0x0000023625ea753c method=java.util.stream.AbstractPipeline.copyIntoWithCancel(Ljava/util/stream/Sink;Ljava/util/Spliterator;)Z @ 19 c2
Event: 2.405 Thread 0x0000023615e81000 Uncommon trap: reason=bimorphic_or_optimized_type_check action=maybe_recompile pc=0x0000023625e90a68 method=java.util.stream.ReferencePipeline.forEachWithCancel(Ljava/util/Spliterator;Ljava/util/stream/Sink;)Z @ 13 c2
Event: 2.446 Thread 0x0000023615e81000 Uncommon trap: reason=class_check action=maybe_recompile pc=0x0000023625e96528 method=java.util.regex.Pattern$Start.match(Ljava/util/regex/Matcher;ILjava/lang/CharSequence;)Z @ 44 c2
Event: 2.633 Thread 0x0000023615e81000 Uncommon trap: reason=unstable_if action=reinterpret pc=0x0000023625e27798 method=java.lang.AbstractStringBuilder.append(Ljava/lang/String;)Ljava/lang/AbstractStringBuilder; @ 1 c2

Classes redefined (6 events):
Event: 192.346 Thread 0x0000023634340000 redefined class name=Trello_Board, count=1
Event: 233.375 Thread 0x0000023634340000 redefined class name=Trello_Board, count=2
Event: 370.556 Thread 0x0000023634340000 redefined class name=Trello_Board, count=3
Event: 1545.254 Thread 0x0000023634340000 redefined class name=Trello_Board, count=4
Event: 1616.638 Thread 0x0000023634340000 redefined class name=Trello_Board, count=5
Event: 1628.039 Thread 0x0000023634340000 redefined class name=Trello_Board, count=6

Internal exceptions (10 events):
Event: 2.609 Thread 0x0000023615e81000 Exception <a 'java/lang/ClassNotFoundException'{0x0000000088a17470}: java/lang/IllegalArgumentExceptionBeanInfo> (0x0000000088a17470) thrown at [./open/src/hotspot/share/classfile/systemDictionary.cpp, line 228]
Event: 2.609 Thread 0x0000023615e81000 Exception <a 'java/lang/ClassNotFoundException'{0x0000000088a18210}: java/lang/RuntimeExceptionBeanInfo> (0x0000000088a18210) thrown at [./open/src/hotspot/share/classfile/systemDictionary.cpp, line 228]
Event: 2.609 Thread 0x0000023615e81000 Exception <a 'java/lang/ClassNotFoundException'{0x0000000088a19268}: java/lang/ExceptionBeanInfo> (0x0000000088a19268) thrown at [./open/src/hotspot/share/classfile/systemDictionary.cpp, line 228]
Event: 2.609 Thread 0x0000023615e81000 Exception <a 'java/lang/ClassNotFoundException'{0x0000000088a1a280}: java/lang/ThrowableBeanInfo> (0x0000000088a1a280) thrown at [./open/src/hotspot/share/classfile/systemDictionary.cpp, line 228]
Event: 2.609 Thread 0x0000023615e81000 Exception <a 'java/lang/ClassNotFoundException'{0x0000000088a1b510}: java/lang/ThrowableCustomizer> (0x0000000088a1b510) thrown at [./open/src/hotspot/share/classfile/systemDictionary.cpp, line 228]
Event: 2.610 Thread 0x0000023615e81000 Exception <a 'java/lang/ClassNotFoundException'{0x0000000088a25098}: java/lang/ExceptionCustomizer> (0x0000000088a25098) thrown at [./open/src/hotspot/share/classfile/systemDictionary.cpp, line 228]
Event: 2.610 Thread 0x0000023615e81000 Exception <a 'java/lang/ClassNotFoundException'{0x0000000088a28488}: java/lang/RuntimeExceptionCustomizer> (0x0000000088a28488) thrown at [./open/src/hotspot/share/classfile/systemDictionary.cpp, line 228]
Event: 2.611 Thread 0x0000023615e81000 Exception <a 'java/lang/ClassNotFoundException'{0x0000000088a2b8a8}: java/lang/IllegalArgumentExceptionCustomizer> (0x0000000088a2b8a8) thrown at [./open/src/hotspot/share/classfile/systemDictionary.cpp, line 228]
Event: 2.612 Thread 0x0000023615e81000 Exception <a 'java/lang/reflect/InvocationTargetException'{0x0000000088a32ca8}> (0x0000000088a32ca8) thrown at [./open/src/hotspot/share/runtime/reflection.cpp, line 1242]
Event: 2.633 Thread 0x0000023615e81000 Implicit null exception at 0x0000023625e270f5 to 0x0000023625e2777c

Events (10 events):
Event: 1628.050 Executing VM operation: GetStackTrace done
Event: 1628.077 Executing VM operation: GetFrameCount
Event: 1628.077 Executing VM operation: GetFrameCount done
Event: 1628.077 Executing VM operation: GetOwnedMonitorInfo
Event: 1628.077 Executing VM operation: GetOwnedMonitorInfo done
Event: 1628.077 Executing VM operation: GetCurrentContendedMonitor
Event: 1628.077 Executing VM operation: GetCurrentContendedMonitor done
Event: 1630.284 Executing VM operation: GetFrameLocation
Event: 1630.284 Executing VM operation: GetFrameLocation done
Event: 1630.284 Executing VM operation: GetOrSetLocal


Dynamic libraries:
0x00007ff797310000 - 0x00007ff79731f000 	C:\Program Files\Java\jdk-11.0.12\bin\javaw.exe
0x00007ffb92c70000 - 0x00007ffb92e65000 	C:\WINDOWS\SYSTEM32\ntdll.dll
0x00007ffb92810000 - 0x00007ffb928ce000 	C:\WINDOWS\System32\KERNEL32.DLL
0x00007ffb909f0000 - 0x00007ffb90cb9000 	C:\WINDOWS\System32\KERNELBASE.dll
0x00007ffb90620000 - 0x00007ffb90720000 	C:\WINDOWS\System32\ucrtbase.dll
0x00007ffb62290000 - 0x00007ffb622a8000 	C:\Program Files\Java\jdk-11.0.12\bin\jli.dll
0x00007ffb914f0000 - 0x00007ffb9159c000 	C:\WINDOWS\System32\ADVAPI32.dll
0x00007ffb913a0000 - 0x00007ffb9143e000 	C:\WINDOWS\System32\msvcrt.dll
0x00007ffb910f0000 - 0x00007ffb9118b000 	C:\WINDOWS\System32\sechost.dll
0x00007ffb92950000 - 0x00007ffb92a7a000 	C:\WINDOWS\System32\RPCRT4.dll
0x00007ffb92a80000 - 0x00007ffb92c21000 	C:\WINDOWS\System32\USER32.dll
0x00007ffb90720000 - 0x00007ffb90742000 	C:\WINDOWS\System32\win32u.dll
0x00007ffb91e10000 - 0x00007ffb91e3b000 	C:\WINDOWS\System32\GDI32.dll
0x00007ffb908e0000 - 0x00007ffb909eb000 	C:\WINDOWS\System32\gdi32full.dll
0x00007ffb904f0000 - 0x00007ffb9058d000 	C:\WINDOWS\System32\msvcp_win.dll
0x00007ffb8f690000 - 0x00007ffb8f92a000 	C:\WINDOWS\WinSxS\amd64_microsoft.windows.common-controls_6595b64144ccf1df_6.0.19041.1110_none_60b5254171f9507e\COMCTL32.dll
0x00007ffb885b0000 - 0x00007ffb885ba000 	C:\WINDOWS\SYSTEM32\VERSION.dll
0x00007ffb62270000 - 0x00007ffb62285000 	C:\Program Files\Java\jdk-11.0.12\bin\VCRUNTIME140.dll
0x00007ffb91370000 - 0x00007ffb913a0000 	C:\WINDOWS\System32\IMM32.DLL
0x00007ffb428b0000 - 0x00007ffb4294b000 	C:\Program Files\Java\jdk-11.0.12\bin\msvcp140.dll
0x00007ffb0fc10000 - 0x00007ffb1070f000 	C:\Program Files\Java\jdk-11.0.12\bin\server\jvm.dll
0x00007ffb928d0000 - 0x00007ffb928d8000 	C:\WINDOWS\System32\PSAPI.DLL
0x00007ffb8aa20000 - 0x00007ffb8aa29000 	C:\WINDOWS\SYSTEM32\WSOCK32.dll
0x00007ffb85c80000 - 0x00007ffb85ca7000 	C:\WINDOWS\SYSTEM32\WINMM.dll
0x00007ffb921d0000 - 0x00007ffb9223b000 	C:\WINDOWS\System32\WS2_32.dll
0x00007ffb8e5f0000 - 0x00007ffb8e602000 	C:\WINDOWS\SYSTEM32\kernel.appcore.dll
0x00007ffb83250000 - 0x00007ffb83260000 	C:\Program Files\Java\jdk-11.0.12\bin\verify.dll
0x00007ffb8fe40000 - 0x00007ffb90024000 	C:\WINDOWS\SYSTEM32\DBGHELP.DLL
0x00007ffb8fb60000 - 0x00007ffb8fb8c000 	C:\WINDOWS\SYSTEM32\dbgcore.DLL
0x00007ffb90590000 - 0x00007ffb90613000 	C:\WINDOWS\System32\bcryptPrimitives.dll
0x00007ffb50810000 - 0x00007ffb50838000 	C:\Program Files\Java\jdk-11.0.12\bin\java.dll
0x00007ffb83240000 - 0x00007ffb8324a000 	C:\Program Files\Java\jdk-11.0.12\bin\jimage.dll
0x00007ffb561b0000 - 0x00007ffb561e8000 	C:\Program Files\Java\jdk-11.0.12\bin\jdwp.dll
0x00007ffb6ade0000 - 0x00007ffb6adf6000 	C:\Program Files\Java\jdk-11.0.12\bin\zip.dll
0x00007ffb916d0000 - 0x00007ffb91e0f000 	C:\WINDOWS\System32\SHELL32.dll
0x00007ffb8de20000 - 0x00007ffb8e5b0000 	C:\WINDOWS\SYSTEM32\windows.storage.dll
0x00007ffb91e70000 - 0x00007ffb921c5000 	C:\WINDOWS\System32\combase.dll
0x00007ffb8f930000 - 0x00007ffb8f95c000 	C:\WINDOWS\SYSTEM32\Wldp.dll
0x00007ffb90e00000 - 0x00007ffb90eae000 	C:\WINDOWS\System32\SHCORE.dll
0x00007ffb90da0000 - 0x00007ffb90df5000 	C:\WINDOWS\System32\shlwapi.dll
0x00007ffb902d0000 - 0x00007ffb902ef000 	C:\WINDOWS\SYSTEM32\profapi.dll
0x00007ffb85510000 - 0x00007ffb8551a000 	C:\Program Files\Java\jdk-11.0.12\bin\dt_socket.dll
0x00007ffb8f410000 - 0x00007ffb8f47a000 	C:\WINDOWS\System32\mswsock.dll
0x00007ffb8f170000 - 0x00007ffb8f23c000 	C:\WINDOWS\SYSTEM32\DNSAPI.dll
0x00007ffb8f0e0000 - 0x00007ffb8f11b000 	C:\WINDOWS\SYSTEM32\IPHLPAPI.DLL
0x00007ffb928e0000 - 0x00007ffb928e8000 	C:\WINDOWS\System32\NSI.dll
0x00007ffb85580000 - 0x00007ffb855ff000 	C:\WINDOWS\System32\fwpuclnt.dll
0x00007ffb90860000 - 0x00007ffb90887000 	C:\WINDOWS\System32\bcrypt.dll
0x00007ffb87d90000 - 0x00007ffb87d9a000 	C:\Windows\System32\rasadhlp.dll
0x00007ffb5dc10000 - 0x00007ffb5dc29000 	C:\Program Files\Java\jdk-11.0.12\bin\net.dll
0x00007ffb87690000 - 0x00007ffb87798000 	C:\WINDOWS\SYSTEM32\WINHTTP.dll
0x00007ffb52f80000 - 0x00007ffb52f92000 	C:\Program Files\Java\jdk-11.0.12\bin\nio.dll
0x00007ffb90170000 - 0x00007ffb90188000 	C:\WINDOWS\SYSTEM32\CRYPTSP.dll
0x00007ffb8ed90000 - 0x00007ffb8edc4000 	C:\WINDOWS\system32\rsaenh.dll
0x00007ffb90250000 - 0x00007ffb9027e000 	C:\WINDOWS\SYSTEM32\USERENV.dll
0x00007ffb8f600000 - 0x00007ffb8f60c000 	C:\WINDOWS\SYSTEM32\CRYPTBASE.dll
0x00007ffb882a0000 - 0x00007ffb882b7000 	C:\WINDOWS\SYSTEM32\dhcpcsvc6.DLL
0x00007ffb88280000 - 0x00007ffb8829d000 	C:\WINDOWS\SYSTEM32\dhcpcsvc.DLL

dbghelp: loaded successfully - version: 4.0.5 - missing functions: none
symbol engine: initialized successfully - sym options: 0x614 - pdb path: .;C:\Program Files\Java\jdk-11.0.12\bin;C:\WINDOWS\SYSTEM32;C:\WINDOWS\WinSxS\amd64_microsoft.windows.common-controls_6595b64144ccf1df_6.0.19041.1110_none_60b5254171f9507e;C:\Program Files\Java\jdk-11.0.12\bin\server

VM Arguments:
jvm_args: -agentlib:jdwp=transport=dt_socket,suspend=y,address=localhost:58258 -ea -Dfile.encoding=Cp1252 
java_command: org.testng.remote.RemoteTestNG -serport 58257 -protocol json -d C:\Users\SHIV\eclipse-workspace\Rest-Assured\test-output C:\Users\SHIV\AppData\Local\Temp\testng-eclipse--119710500\testng-customsuite.xml
java_class_path (initial): C:\Users\SHIV\eclipse\java-2021-063\eclipse\configuration\org.eclipse.osgi\440\0\.cp\lib\testng-remote.jar;C:\Users\SHIV\eclipse-workspace\Rest-Assured\target\test-classes;C:\Users\SHIV\eclipse-workspace\Rest-Assured\target\classes;C:\Users\SHIV\.m2\repository\junit\junit\4.11\junit-4.11.jar;C:\Users\SHIV\.m2\repository\org\hamcrest\hamcrest-core\1.3\hamcrest-core-1.3.jar;C:\Users\SHIV\.m2\repository\org\testng\testng\7.4.0\testng-7.4.0.jar;C:\Users\SHIV\.m2\repository\com\beust\jcommander\1.78\jcommander-1.78.jar;C:\Users\SHIV\.m2\repository\org\webjars\jquery\3.5.1\jquery-3.5.1.jar;C:\Users\SHIV\.m2\repository\io\rest-assured\rest-assured\4.4.0\rest-assured-4.4.0.jar;C:\Users\SHIV\.m2\repository\org\codehaus\groovy\groovy\3.0.8\groovy-3.0.8.jar;C:\Users\SHIV\.m2\repository\org\codehaus\groovy\groovy-xml\3.0.8\groovy-xml-3.0.8.jar;C:\Users\SHIV\.m2\repository\org\apache\httpcomponents\httpclient\4.5.13\httpclient-4.5.13.jar;C:\Users\SHIV\.m2\repository\org\apache\httpcomponents\httpcore\4.4.13\httpcore-4.4.13.jar;C:\Users\SHIV\.m2\repository\commons-logging\commons-logging\1.2\commons-logging-1.2.jar;C:\Users\SHIV\.m2\repository\commons-codec\commons-codec\1.11\commons-codec-1.11.jar;C:\Users\SHIV\.m2\repository\org\apache\httpcomponents\httpmime\4.5.13\httpmime-4.5.13.jar;C:\Users\SHIV\.m2\repository\org\hamcrest\hamcrest\2.1\hamcrest-2.1.jar;C:\Users\SHIV\.m2\repository\org\ccil\cowan\tagsoup\tagsoup\1.2.1\tagsoup-1.2.1.jar;C:\Users\SHIV\.m2\repository\io\rest-assured\json-path\4.4.0\json-path-4.4.0.jar;C:\Users\SHIV\.m2\repository\org\codehaus\groovy\groovy-json\3.0.8\groovy-json-3.0.8.jar;C:\Users\SHIV\.m2\repository\io\rest-assured\rest-assured-common\4.4.0\rest-assured-common-4.4.0.jar;C:\Users\SHIV\.m2\repository\io\rest-assured\xml-path\4.4.0\xml-path-4.4.0.jar;C:\Users\SHIV\.m2\repository\org\apache\commons\commons-lang3\3.11\commons-lang3-3.11.jar;C:\Users\SHIV\.m2\repository\jakarta\xml\bind\jakarta.xml.bind-api\2.3.3\jakarta
Launcher Type: SUN_STANDARD

[Global flags]
     intx CICompilerCount                          = 3                                         {product} {ergonomic}
     uint ConcGCThreads                            = 1                                         {product} {ergonomic}
     uint G1ConcRefinementThreads                  = 4                                         {product} {ergonomic}
   size_t G1HeapRegionSize                         = 1048576                                   {product} {ergonomic}
    uintx GCDrainStackTargetSize                   = 64                                        {product} {ergonomic}
   size_t InitialHeapSize                          = 134217728                                 {product} {ergonomic}
   size_t MarkStackSize                            = 4194304                                   {product} {ergonomic}
   size_t MaxHeapSize                              = 2122317824                                {product} {ergonomic}
   size_t MaxNewSize                               = 1272971264                                {product} {ergonomic}
   size_t MinHeapDeltaBytes                        = 1048576                                   {product} {ergonomic}
    uintx NonNMethodCodeHeapSize                   = 5830732                                {pd product} {ergonomic}
    uintx NonProfiledCodeHeapSize                  = 122913754                              {pd product} {ergonomic}
    uintx ProfiledCodeHeapSize                     = 122913754                              {pd product} {ergonomic}
    uintx ReservedCodeCacheSize                    = 251658240                              {pd product} {ergonomic}
     bool SegmentedCodeCache                       = true                                      {product} {ergonomic}
     bool UseCompressedClassPointers               = true                                 {lp64_product} {ergonomic}
     bool UseCompressedOops                        = true                                 {lp64_product} {ergonomic}
     bool UseG1GC                                  = true                                      {product} {ergonomic}
     bool UseLargePagesIndividualAllocation        = false                                  {pd product} {ergonomic}

Logging:
Log output configuration:
 #0: stdout all=warning uptime,level,tags
 #1: stderr all=off uptime,level,tags

Environment Variables:
JAVA_HOME=C:\Program Files\Java\jdk-11.0.12
PATH=C:/Program Files/Java/jdk-11.0.12/bin/server;C:/Program Files/Java/jdk-11.0.12/bin;C:\Program Files\Java\jdk-11.0.12\bin;C:\Program Files (x86)\VMware\VMware Workstation\bin\;C:\WINDOWS\system32;C:\WINDOWS;C:\WINDOWS\System32\Wbem;C:\WINDOWS\System32\WindowsPowerShell\v1.0\;C:\WINDOWS\System32\OpenSSH\;C:\Program Files (x86)\Intel\Intel(R) Management Engine Components\DAL;C:\Program Files\Intel\Intel(R) Management Engine Components\DAL;C:\Program Files\Intel\WiFi\bin\;C:\Program Files\Common Files\Intel\WirelessCommon\;C:\Program Files\Microsoft SQL Server\120\Tools\Binn\;C:\Program Files\dotnet\;C:\Program Files\Microsoft SQL Server\130\Tools\Binn\;C:\Program Files\Microsoft SQL Server\Client SDK\ODBC\170\Tools\Binn\;C:\Program Files\Git\cmd;C:\Program Files\nodejs\;C:\Program Files\Azure Data Studio\bin;C:\Program Files (x86)\Microsoft SQL Server\150\Tools\Binn\;C:\Program Files\Microsoft SQL Server\150\Tools\Binn\;C:\Program Files\Microsoft SQL Server\150\DTS\Binn\;C:\Users\SHIV\Desktop\apache-ant-1.10.10\bin;C:\Users\SHIV\Desktop\apache-maven-3.8.1\bin;C:\Users\SHIV\eclipse-workspace\;C:\Program Files\Jenkins\bin;C:\Users\SHIV\AppData\Local\Microsoft\WindowsApps;C:\Users\SHIV\AppData\Local\GitHubDesktop\bin;C:\Users\SHIV\.dotnet\tools;C:\Users\SHIV\AppData\Local\Programs\Microsoft VS Code\bin;C:\Users\SHIV\AppData\Roaming\npm;C:\Program Files\Java\jdk-16.0.1\bin;;C:\Program Files\Azure Data Studio\bin;C:\Users\SHIV\Desktop;
USERNAME=SHIV
OS=Windows_NT
PROCESSOR_IDENTIFIER=Intel64 Family 6 Model 142 Stepping 9, GenuineIntel



---------------  S Y S T E M  ---------------

OS: Windows 10 , 64 bit Build 19041 (10.0.19041.1202)

CPU:total 4 (initial active 4) (2 cores per cpu, 2 threads per core) family 6 model 142 stepping 9 microcode 0xb4, cmov, cx8, fxsr, mmx, sse, sse2, sse3, ssse3, sse4.1, sse4.2, popcnt, avx, avx2, aes, clmul, erms, 3dnowpref, lzcnt, ht, tsc, tscinvbit, bmi1, bmi2, adx, fma

Memory: 4k page, system-wide physical 8090M (1225M free)
TotalPageFile size 22207M (AvailPageFile size 3291M)
current process WorkingSet (physical memory assigned to process): 113M, peak: 135M
current process commit charge ("private bytes"): 231M, peak: 251M

vm_info: Java HotSpot(TM) 64-Bit Server VM (11.0.12+8-LTS-237) for windows-amd64 JRE (11.0.12+8-LTS-237), built on Jun  8 2021 11:25:59 by "mach5one" with MS VC++ 15.9 (VS2017)

END.
